<?xml version="1.0" encoding="UTF-8"?>
<!-- Generated by org.testng.reporters.JUnitReportReporter -->
<testsuite hostname="DHANYAA-H7L3KR3" failures="0" tests="4" name="com.api.test.UserTestCases" time="9.720" errors="0" timestamp="2024-02-07T11:46:19 IST" skipped="0">
  <testcase classname="com.api.test.UserTestCases" name="postUserTest" time="3.127"/>
  <system-out/>
  <testcase classname="com.api.test.UserTestCases" name="getUserTest" time="1.563"/>
  <system-out/>
  <testcase classname="com.api.test.UserTestCases" name="updateuserTest" time="3.292"/>
  <system-out/>
  <testcase classname="com.api.test.UserTestCases" name="deleteUserTest" time="1.738"/>
  <system-out/>
</testsuite> <!-- com.api.test.UserTestCases -->
