<?xml version="1.0" encoding="UTF-8"?>
<!-- Generated by org.testng.reporters.JUnitReportReporter -->
<testsuite hostname="DHANYAA-H7L3KR3" failures="0" tests="6" name="com.api.test.DataDrivenTests" time="11.450" errors="0" timestamp="2024-02-05T16:26:16 IST" skipped="0">
  <testcase classname="com.api.test.DataDrivenTests" name="testPostUser" time="3.625"/>
  <system-out/>
  <testcase classname="com.api.test.DataDrivenTests" name="testPostUser" time="1.534"/>
  <system-out/>
  <testcase classname="com.api.test.DataDrivenTests" name="testPostUser" time="1.525"/>
  <system-out/>
  <testcase classname="com.api.test.DataDrivenTests" name="testDeleteUserByUserName" time="1.525"/>
  <system-out/>
  <testcase classname="com.api.test.DataDrivenTests" name="testDeleteUserByUserName" time="1.709"/>
  <system-out/>
  <testcase classname="com.api.test.DataDrivenTests" name="testDeleteUserByUserName" time="1.532"/>
  <system-out/>
</testsuite> <!-- com.api.test.DataDrivenTests -->
