<?xml version="1.0" encoding="UTF-8"?>
<!-- Generated by org.testng.reporters.JUnitReportReporter -->
<testsuite hostname="DHANYAA-H7L3KR3" failures="0" tests="4" name="com.api.test.UserTestCases" time="7.692" errors="0" timestamp="2024-02-08T16:25:16 IST" skipped="0">
  <testcase classname="com.api.test.UserTestCases" name="postUserTest" time="2.669"/>
  <system-out/>
  <testcase classname="com.api.test.UserTestCases" name="getUserTest" time="1.256"/>
  <system-out/>
  <testcase classname="com.api.test.UserTestCases" name="updateuserTest" time="2.488"/>
  <system-out/>
  <testcase classname="com.api.test.UserTestCases" name="deleteUserTest" time="1.279"/>
  <system-out/>
</testsuite> <!-- com.api.test.UserTestCases -->
