<?xml version="1.0" encoding="UTF-8"?>
<!-- Generated by org.testng.reporters.JUnitReportReporter -->
<testsuite hostname="DHANYAA-H7L3KR3" failures="0" tests="4" name="com.api.test.UserTestCases2" time="7.664" errors="0" timestamp="2024-02-07T13:33:42 IST" skipped="0">
  <testcase classname="com.api.test.UserTestCases2" name="postUserTest" time="2.569"/>
  <system-out/>
  <testcase classname="com.api.test.UserTestCases2" name="getUserTest" time="1.256"/>
  <system-out/>
  <testcase classname="com.api.test.UserTestCases2" name="updateuserTest" time="2.639"/>
  <system-out/>
  <testcase classname="com.api.test.UserTestCases2" name="deleteUserTest" time="1.200"/>
  <system-out/>
</testsuite> <!-- com.api.test.UserTestCases2 -->
